<?xml version="1.0" encoding="UTF-8"?>
<!-- Generated by org.testng.reporters.JUnitReportReporter -->
<testsuite hostname="user-PC" name="com.clc.hybrid.testcases.TC_AddCustomerTest_003" tests="1" failures="0" timestamp="22 Aug 2019 07:57:14 GMT" time="16.440" errors="0">
  <testcase name="addCustomer" time="16.440" classname="com.clc.hybrid.testcases.TC_AddCustomerTest_003"/>
</testsuite> <!-- com.clc.hybrid.testcases.TC_AddCustomerTest_003 -->
