<?xml version="1.0" encoding="UTF-8"?>
<!-- Generated by org.testng.reporters.JUnitReportReporter -->
<testsuite skipped="0" hostname="user-PC" name="com.clc.hybrid.testcases.TC_Login_01" tests="1" failures="0" timestamp="23 Aug 2019 14:48:22 GMT" time="3.967" errors="0">
  <testcase name="LoginTest" time="3.967" classname="com.clc.hybrid.testcases.TC_Login_01"/>
</testsuite> <!-- com.clc.hybrid.testcases.TC_Login_01 -->
