<?xml version="1.0" encoding="UTF-8"?>
<!-- Generated by org.testng.reporters.JUnitReportReporter -->
<testsuite skipped="0" hostname="user-PC" name="com.clc.hybrid.testcases.TC_AddCustomerTest_003" tests="1" failures="0" timestamp="23 Aug 2019 14:48:22 GMT" time="15.910" errors="0">
  <testcase name="addCustomer" time="15.910" classname="com.clc.hybrid.testcases.TC_AddCustomerTest_003"/>
</testsuite> <!-- com.clc.hybrid.testcases.TC_AddCustomerTest_003 -->
